[2018-04-17 00:03:36] unicorns.INFO: Requested info about: Indisk enhörning [] []
[2018-04-17 00:06:46] unicorns.INFO: Requested info about: Indisk enhörning [] []
[2018-04-17 00:07:02] unicorns.INFO: Requested info about: Indisk enhörning [] []
[2018-04-17 00:07:32] unicorns.INFO: Requested info about: Indisk enhörning [] []
[2018-04-17 00:08:20] unicorns.INFO: Requested info about: Indisk enhörning [] []
[2018-04-17 00:09:11] unicorns.INFO: Requested info about: Indisk enhörning [] []
[2018-04-17 00:09:19] unicorns.INFO: Requested info about: Indisk enhörning [] []
[2018-04-17 00:09:47] unicorns.INFO: Requested info about: Indisk enhörning [] []
[2018-04-17 00:10:16] unicorns.INFO: Requested info about: Indisk enhörning [] []
[2018-04-17 00:10:19] unicorns.INFO: Requested info about: all unicorns [] []
[2018-04-17 00:10:25] unicorns.INFO: Requested info about: Nattaktiv hornlöpare [] []
[2018-04-17 00:11:25] unicorns.INFO: Requested info about: Tordönsenhörning [] []
[2018-04-17 00:11:29] unicorns.INFO: Error: 404 - No unicorn with id 55 was found. [] []
[2018-04-17 00:11:36] unicorns.INFO: Requested info about: all unicorns [] []
[2018-04-17 00:11:42] unicorns.INFO: Requested info about: Nordsvensk travhörning [] []
[2018-04-17 00:11:56] unicorns.INFO: Requested info about: all unicorns [] []
[2018-04-17 00:11:59] unicorns.INFO: Requested info about: Nattaktiv hornlöpare [] []
[2018-04-17 00:12:01] unicorns.INFO: Requested info about: Nattaktiv hornlöpare [] []
[2018-04-17 00:12:02] unicorns.INFO: Requested info about: all unicorns [] []
[2018-04-17 00:12:04] unicorns.INFO: Requested info about: Nordsvensk travhörning [] []
[2018-04-17 00:12:06] unicorns.INFO: Requested info about: all unicorns [] []
[2018-04-17 00:12:09] unicorns.INFO: Requested info about:  [] []
[2018-04-17 00:12:36] unicorns.INFO: Requested info about: all unicorns [] []
[2018-04-17 00:13:05] unicorns.INFO: Requested info about: all unicorns [] []
[2018-04-17 00:20:48] unicorns.INFO: Requested info about: all unicorns [] []
[2018-04-17 00:20:58] unicorns.INFO: Requested info about: all unicorns [] []
[2018-04-17 00:21:10] unicorns.INFO: Requested info about: all unicorns [] []
[2018-04-17 00:21:26] unicorns.INFO: Requested info about: all unicorns [] []
[2018-04-17 00:21:57] unicorns.INFO: Requested info about: all unicorns [] []
[2018-04-17 00:22:05] unicorns.INFO: Requested info about: all unicorns [] []
[2018-04-17 00:22:13] unicorns.INFO: Requested info about: all unicorns [] []
[2018-04-17 00:23:55] unicorns.INFO: Requested info about: all unicorns [] []
[2018-04-17 00:24:10] unicorns.INFO: Requested info about: Nordsvensk travhörning [] []
[2018-04-17 00:25:54] unicorns.INFO: Requested info about: all unicorns [] []
[2018-04-17 00:27:11] unicorns.INFO: Requested info about: all unicorns [] []
[2018-04-17 00:27:32] unicorns.INFO: Requested info about: all unicorns [] []
[2018-04-17 00:27:34] unicorns.INFO: Requested info about: all unicorns [] []
[2018-04-17 00:27:41] unicorns.INFO: Requested info about: all unicorns [] []
[2018-04-17 00:27:45] unicorns.INFO: Requested info about: Indisk enhörning [] []
[2018-04-17 00:27:49] unicorns.INFO: Requested info about: all unicorns [] []
[2018-04-17 00:27:51] unicorns.INFO: Requested info about: all unicorns [] []
[2018-04-17 00:28:01] unicorns.INFO: Requested info about: all unicorns [] []
[2018-04-17 00:28:13] unicorns.INFO: Requested info about: all unicorns [] []
[2018-04-17 00:29:20] unicorns.INFO: Requested info about: Nordsvensk travhörning [] []
[2018-04-17 00:29:36] unicorns.INFO: Requested info about: all unicorns [] []
[2018-04-17 12:52:34] unicorns.INFO: Requested info about: all unicorns [] []
[2018-04-17 12:52:34] unicorns.INFO: Requested info about: all unicorns [] []
[2018-04-17 12:54:20] unicorns.INFO: Requested info about: Karibisk strandponny [] []
[2018-04-17 12:54:28] unicorns.INFO: Requested info about: Bayersk lättfotad [] []
[2018-04-17 12:54:46] unicorns.INFO: Requested info about: Bayersk lättfotad [] []
[2018-04-17 12:59:32] unicorns.INFO: Requested info about: Bayersk lättfotad [] []
[2018-04-17 12:59:56] unicorns.INFO: Requested info about: all unicorns [] []
[2018-04-17 13:00:01] unicorns.INFO: Requested info about: Nordsvensk travhörning [] []
